2022-04-16 11:47:32 [Calculator.java] [INFO] Calculator SQUARE_ROOT - Input:5.0 - Output:2.23606797749979
2022-04-16 11:47:34 [Calculator.java] [INFO] Calculator Power - Input:5.0^4.0 - Output:625.0
2022-04-16 11:47:36 [Calculator.java] [INFO] Calculator Logarithm - Input:5.0 - Output:1.609
2022-04-16 11:47:37 [Calculator.java] [INFO] Calculator Factorial - Input:5.0 - Output:120.0
2022-04-16 11:47:38 [Calculator.java] [INFO] Calculator Factorial - Input:5.0 - Output:120.0
2022-04-16 11:47:40 [Calculator.java] [INFO] Calculator Power - Input:5.0^4.0 - Output:625.0
2022-04-16 11:47:41 [Calculator.java] [INFO] Calculator SQUARE_ROOT - Input:5.0 - Output:2.23606797749979
2022-04-16 11:47:41 [Calculator.java] [INFO] Calculator Logarithm - Input:5.0 - Output:1.609
2022-04-16 11:47:42 [Calculator.java] [INFO] Calculator Factorial - Input:5.0 - Output:120.0
2022-04-16 11:47:42 [Calculator.java] [INFO] Calculator Factorial - Input:5.0 - Output:120.0
2022-04-16 11:47:43 [Calculator.java] [INFO] Calculator Factorial - Input:5.0 - Output:120.0
2022-04-16 11:47:43 [Calculator.java] [INFO] Calculator Factorial - Input:5.0 - Output:120.0
2022-04-16 11:47:43 [Calculator.java] [INFO] Calculator Factorial - Input:5.0 - Output:120.0
2022-04-16 11:47:43 [Calculator.java] [INFO] Calculator Factorial - Input:5.0 - Output:120.0
2022-04-16 11:47:43 [Calculator.java] [INFO] Calculator Factorial - Input:5.0 - Output:120.0
2022-04-16 11:47:44 [Calculator.java] [INFO] Calculator Logarithm - Input:5.0 - Output:1.609
2022-04-16 11:47:44 [Calculator.java] [INFO] Calculator SQUARE_ROOT - Input:5.0 - Output:2.23606797749979
2022-04-16 11:47:44 [Calculator.java] [INFO] Calculator Power - Input:5.0^4.0 - Output:625.0
2022-04-16 11:47:50 [Calculator.java] [INFO] Calculator Power - Input:4.0^6.0 - Output:4096.0
2022-04-16 11:47:50 [Calculator.java] [INFO] Calculator SQUARE_ROOT - Input:4.0 - Output:2.0
2022-04-16 11:47:51 [Calculator.java] [INFO] Calculator Logarithm - Input:4.0 - Output:1.386
2022-04-16 11:47:52 [Calculator.java] [INFO] Calculator Factorial - Input:4.0 - Output:24.0
2022-04-16 11:47:52 [Calculator.java] [INFO] Calculator Logarithm - Input:4.0 - Output:1.386
2022-04-16 11:47:52 [Calculator.java] [INFO] Calculator Logarithm - Input:4.0 - Output:1.386
2022-04-16 11:47:53 [Calculator.java] [INFO] Calculator SQUARE_ROOT - Input:4.0 - Output:2.0
2022-04-16 11:47:53 [Calculator.java] [INFO] Calculator SQUARE_ROOT - Input:4.0 - Output:2.0
2022-04-16 11:47:53 [Calculator.java] [INFO] Calculator SQUARE_ROOT - Input:4.0 - Output:2.0
2022-04-16 11:47:54 [Calculator.java] [INFO] Calculator SQUARE_ROOT - Input:4.0 - Output:2.0
2022-04-16 11:47:54 [Calculator.java] [INFO] Calculator Power - Input:4.0^6.0 - Output:4096.0
2022-04-16 11:47:55 [Calculator.java] [INFO] Calculator Factorial - Input:4.0 - Output:24.0
2022-04-16 11:47:55 [Calculator.java] [INFO] Calculator Logarithm - Input:4.0 - Output:1.386
2022-04-16 11:47:55 [Calculator.java] [INFO] Calculator SQUARE_ROOT - Input:4.0 - Output:2.0
2022-04-16 11:47:56 [Calculator.java] [INFO] Calculator Power - Input:4.0^6.0 - Output:4096.0
2022-04-16 11:47:56 [Calculator.java] [INFO] Calculator Factorial - Input:4.0 - Output:24.0
2022-04-16 11:47:57 [Calculator.java] [INFO] Calculator Logarithm - Input:4.0 - Output:1.386
2022-04-16 11:47:57 [Calculator.java] [INFO] Calculator SQUARE_ROOT - Input:4.0 - Output:2.0
2022-04-16 11:47:57 [Calculator.java] [INFO] Calculator Power - Input:4.0^6.0 - Output:4096.0
2022-04-16 11:48:56 [Calculator.java] [INFO] Calculator Power - Input:4.0^6.0 - Output:4096.0
2022-04-16 11:49:00 [Calculator.java] [INFO] Calculator SQUARE_ROOT - Input:677.0 - Output:26.019223662515376
2022-04-16 11:49:01 [Calculator.java] [INFO] Calculator Power - Input:677.0^6.0 - Output:9.6279097826745296E16
2022-04-16 11:49:02 [Calculator.java] [INFO] Calculator Logarithm - Input:677.0 - Output:6.518
2022-04-16 11:49:03 [Calculator.java] [INFO] Calculator Factorial - Input:677.0 - Output:Infinity
2022-04-16 11:49:04 [Calculator.java] [INFO] Calculator SQUARE_ROOT - Input:677.0 - Output:26.019223662515376
2022-04-16 11:49:06 [Calculator.java] [INFO] Calculator SQUARE_ROOT - Input:6.0 - Output:2.449489742783178
2022-04-16 11:49:07 [Calculator.java] [INFO] Calculator Power - Input:6.0^6.0 - Output:46656.0
2022-04-16 11:49:07 [Calculator.java] [INFO] Calculator Factorial - Input:6.0 - Output:720.0
2022-04-16 11:49:08 [Calculator.java] [INFO] Calculator Logarithm - Input:6.0 - Output:1.792
2022-04-16 11:49:08 [Calculator.java] [INFO] Calculator SQUARE_ROOT - Input:6.0 - Output:2.449489742783178
2022-04-16 11:49:09 [Calculator.java] [INFO] Calculator Power - Input:6.0^6.0 - Output:46656.0
2022-04-16 11:50:28 [Calculator.java] [INFO] Calculator SQUARE_ROOT - Input:3.0 - Output:1.7320508075688772
2022-04-16 11:50:28 [Calculator.java] [INFO] Calculator Power - Input:3.0^5.0 - Output:243.0
2022-04-16 11:50:29 [Calculator.java] [INFO] Calculator Logarithm - Input:3.0 - Output:1.099
2022-04-16 11:50:29 [Calculator.java] [INFO] Calculator Factorial - Input:3.0 - Output:6.0
2022-04-16 11:50:30 [Calculator.java] [INFO] Calculator Factorial - Input:3.0 - Output:6.0
2022-04-16 11:50:30 [Calculator.java] [INFO] Calculator Factorial - Input:3.0 - Output:6.0
2022-04-16 11:50:31 [Calculator.java] [INFO] Calculator Logarithm - Input:3.0 - Output:1.099
2022-04-16 11:50:31 [Calculator.java] [INFO] Calculator Logarithm - Input:3.0 - Output:1.099
2022-04-16 11:50:31 [Calculator.java] [INFO] Calculator Logarithm - Input:3.0 - Output:1.099
2022-04-16 11:50:31 [Calculator.java] [INFO] Calculator SQUARE_ROOT - Input:3.0 - Output:1.7320508075688772
2022-04-16 11:50:32 [Calculator.java] [INFO] Calculator SQUARE_ROOT - Input:3.0 - Output:1.7320508075688772
2022-04-16 11:50:32 [Calculator.java] [INFO] Calculator SQUARE_ROOT - Input:3.0 - Output:1.7320508075688772
2022-04-16 11:50:32 [Calculator.java] [INFO] Calculator Power - Input:3.0^5.0 - Output:243.0
2022-04-16 11:50:32 [Calculator.java] [INFO] Calculator Power - Input:3.0^5.0 - Output:243.0
2022-04-16 11:50:32 [Calculator.java] [INFO] Calculator Power - Input:3.0^5.0 - Output:243.0
2022-04-16 11:50:33 [Calculator.java] [INFO] Calculator Power - Input:3.0^5.0 - Output:243.0
2022-04-16 11:50:33 [Calculator.java] [INFO] Calculator SQUARE_ROOT - Input:3.0 - Output:1.7320508075688772
2022-04-16 11:50:33 [Calculator.java] [INFO] Calculator Logarithm - Input:3.0 - Output:1.099
2022-04-16 11:50:34 [Calculator.java] [INFO] Calculator Factorial - Input:3.0 - Output:6.0
2022-04-16 11:50:35 [Calculator.java] [INFO] Calculator Power - Input:3.0^5.0 - Output:243.0
2022-04-16 11:50:35 [Calculator.java] [INFO] Calculator Power - Input:3.0^5.0 - Output:243.0
2022-04-16 11:50:35 [Calculator.java] [INFO] Calculator Power - Input:3.0^5.0 - Output:243.0
2022-04-16 11:50:35 [Calculator.java] [INFO] Calculator SQUARE_ROOT - Input:3.0 - Output:1.7320508075688772
2022-04-16 11:50:35 [Calculator.java] [INFO] Calculator SQUARE_ROOT - Input:3.0 - Output:1.7320508075688772
2022-04-16 11:50:35 [Calculator.java] [INFO] Calculator SQUARE_ROOT - Input:3.0 - Output:1.7320508075688772
2022-04-16 11:50:36 [Calculator.java] [INFO] Calculator Logarithm - Input:3.0 - Output:1.099
2022-04-16 11:50:36 [Calculator.java] [INFO] Calculator Factorial - Input:3.0 - Output:6.0
2022-04-16 11:50:37 [Calculator.java] [INFO] Calculator Factorial - Input:3.0 - Output:6.0
2022-04-16 11:50:37 [Calculator.java] [INFO] Calculator Factorial - Input:3.0 - Output:6.0
2022-04-16 11:50:37 [Calculator.java] [INFO] Calculator Logarithm - Input:3.0 - Output:1.099
2022-04-16 11:50:37 [Calculator.java] [INFO] Calculator Logarithm - Input:3.0 - Output:1.099
2022-04-16 11:50:37 [Calculator.java] [INFO] Calculator Logarithm - Input:3.0 - Output:1.099
2022-04-16 11:50:38 [Calculator.java] [INFO] Calculator Logarithm - Input:3.0 - Output:1.099
2022-04-16 11:50:38 [Calculator.java] [INFO] Calculator Logarithm - Input:3.0 - Output:1.099
2022-04-16 11:50:38 [Calculator.java] [INFO] Calculator SQUARE_ROOT - Input:3.0 - Output:1.7320508075688772
2022-04-16 11:50:39 [Calculator.java] [INFO] Calculator SQUARE_ROOT - Input:3.0 - Output:1.7320508075688772
2022-04-16 11:50:39 [Calculator.java] [INFO] Calculator SQUARE_ROOT - Input:3.0 - Output:1.7320508075688772
2022-04-16 11:50:39 [Calculator.java] [INFO] Calculator SQUARE_ROOT - Input:3.0 - Output:1.7320508075688772
2022-04-16 11:50:39 [Calculator.java] [INFO] Calculator SQUARE_ROOT - Input:3.0 - Output:1.7320508075688772
2022-04-16 11:50:39 [Calculator.java] [INFO] Calculator SQUARE_ROOT - Input:3.0 - Output:1.7320508075688772
2022-04-16 11:50:39 [Calculator.java] [INFO] Calculator SQUARE_ROOT - Input:3.0 - Output:1.7320508075688772
2022-04-16 11:50:40 [Calculator.java] [INFO] Calculator Power - Input:3.0^5.0 - Output:243.0
2022-04-16 11:50:40 [Calculator.java] [INFO] Calculator Power - Input:3.0^5.0 - Output:243.0
2022-04-16 11:50:40 [Calculator.java] [INFO] Calculator Power - Input:3.0^5.0 - Output:243.0
2022-04-16 11:50:40 [Calculator.java] [INFO] Calculator Power - Input:3.0^5.0 - Output:243.0
2022-04-16 11:50:40 [Calculator.java] [INFO] Calculator Power - Input:3.0^5.0 - Output:243.0
2022-04-16 11:50:40 [Calculator.java] [INFO] Calculator Power - Input:3.0^5.0 - Output:243.0
2022-04-16 11:50:41 [Calculator.java] [INFO] Calculator Logarithm - Input:3.0 - Output:1.099
2022-04-16 11:50:41 [Calculator.java] [INFO] Calculator Factorial - Input:3.0 - Output:6.0
2022-05-03 15:22:39 [Calculator.java] [INFO] Calculator Factorial - Input:5.0 - Output:120.0
2022-05-03 15:22:39 [Calculator.java] [INFO] Calculator Factorial - Input:3.0 - Output:6.0
2022-05-03 15:22:39 [Calculator.java] [INFO] Calculator SQUARE_ROOT - Input:36.0 - Output:6.0
2022-05-03 15:22:39 [Calculator.java] [INFO] Calculator SQUARE_ROOT - Input:12.25 - Output:3.5
2022-05-03 15:22:39 [Calculator.java] [INFO] Calculator SQUARE_ROOT - Input:36.0 - Output:6.0
2022-05-03 15:22:39 [Calculator.java] [INFO] Calculator SQUARE_ROOT - Input:12.25 - Output:3.5
2022-05-03 15:22:39 [Calculator.java] [INFO] Calculator Logarithm - Input:8.0 - Output:2.079
2022-05-03 15:22:39 [Calculator.java] [INFO] Calculator Logarithm - Input:9.0 - Output:2.197
2022-05-03 15:22:39 [Calculator.java] [INFO] Calculator Factorial - Input:5.0 - Output:120.0
2022-05-03 15:22:39 [Calculator.java] [INFO] Calculator Factorial - Input:3.0 - Output:6.0
2022-05-03 15:22:39 [Calculator.java] [INFO] Calculator Power - Input:2.0^3.0 - Output:8.0
2022-05-03 15:22:39 [Calculator.java] [INFO] Calculator Power - Input:4.0^3.0 - Output:64.0
2022-05-03 15:22:39 [Calculator.java] [INFO] Calculator Power - Input:2.0^3.0 - Output:8.0
2022-05-03 15:22:39 [Calculator.java] [INFO] Calculator Power - Input:4.0^3.0 - Output:64.0
2022-05-03 15:22:39 [Calculator.java] [INFO] Calculator Logarithm - Input:8.0 - Output:2.079
2022-05-03 15:22:39 [Calculator.java] [INFO] Calculator Logarithm - Input:9.0 - Output:2.197
